<?xml version="1.0" encoding="UTF-8"?>
<!-- Generated by org.testng.reporters.JUnitReportReporter -->
<testsuite hostname="LAPTOP-E736NDKH" failures="0" tests="2" name="Test_script.Amazon_testcases" time="14.287" errors="0" timestamp="2025-02-06T20:59:58 IST" skipped="0">
  <testcase classname="Test_script.Amazon_testcases" name="TC09" time="5.690"/>
  <testcase classname="Test_script.Amazon_testcases" name="TC09" time="8.597"/>
</testsuite> <!-- Test_script.Amazon_testcases -->
